Build started 2013-05-17 16:45:59.
     1>Project "H:\TNM061\Project\Project\Project.vcxproj" on node 2 (build target(s)).
     1>InitializeBuildStatus:
         Touching "Release\Project.unsuccessfulbuild".
       ClCompile:
         All outputs are up-to-date.
       Link:
         c:\Program Files (x86)\Microsoft Visual Studio 10.0\VC\bin\link.exe /ERRORREPORT:PROMPT /OUT:"H:\TNM061\Project\Release\Project.exe" /NOLOGO opengl32.lib glfw.lib glew32.lib kernel32.lib user32.lib gdi32.lib winspool.lib comdlg32.lib advapi32.lib shell32.lib ole32.lib oleaut32.lib uuid.lib odbc32.lib odbccp32.lib /MANIFEST /ManifestFile:"Release\Project.exe.intermediate.manifest" /MANIFESTUAC:"level='asInvoker' uiAccess='false'" /DEBUG /PDB:"H:\TNM061\Project\Release\Project.pdb" /OPT:REF /OPT:ICF /LTCG /TLBID:1 /DYNAMICBASE /NXCOMPAT /IMPLIB:"H:\TNM061\Project\Release\Project.lib" /MACHINE:X86 Release\controls.obj
         Release\moveLight.obj
         Release\Objectloader.obj
         Release\shader.obj
         Release\main.obj
         Release\Object.obj
         Generating code
         Finished generating code
         Project.vcxproj -> H:\TNM061\Project\Release\Project.exe
       Manifest:
         C:\Program Files (x86)\Microsoft SDKs\Windows\v7.0A\bin\mt.exe /nologo /verbose /outputresource:"H:\TNM061\Project\Release\Project.exe;#1" /manifest Release\Project.exe.intermediate.manifest
       FinalizeBuildStatus:
         Deleting file "Release\Project.unsuccessfulbuild".
         Touching "Release\Project.lastbuildstate".
     1>Done Building Project "H:\TNM061\Project\Project\Project.vcxproj" (build target(s)).

Build succeeded.

Time Elapsed 00:00:02.12
