Build started 2013-05-15 15:29:38.
     1>Project "H:\3Dproject\TNM061-Project\Project\Project\Project.vcxproj" on node 2 (build target(s)).
     1>InitializeBuildStatus:
         Creating "Debug\Project.unsuccessfulbuild" because "AlwaysCreate" was specified.
       ClCompile:
         c:\Program Files (x86)\Microsoft Visual Studio 10.0\VC\bin\CL.exe /c /ZI /nologo /W3 /WX- /Od /Oy- /D _MBCS /Gm /EHsc /RTC1 /MDd /GS /fp:precise /Zc:wchar_t /Zc:forScope /Fo"Debug\\" /Fd"Debug\vc100.pdb" /Gd /TP /analyze- /errorReport:prompt Renderclass.cpp
         Renderclass.cpp
     1>h:\3dproject\tnm061-project\project\project\cube.h(1): warning C4067: unexpected tokens following preprocessor directive - expected a newline
       Link:
         c:\Program Files (x86)\Microsoft Visual Studio 10.0\VC\bin\link.exe /ERRORREPORT:PROMPT /OUT:"H:\3Dproject\TNM061-Project\Project\Debug\Project.exe" /NOLOGO opengl32.lib glfw.lib glew32.lib kernel32.lib user32.lib gdi32.lib winspool.lib comdlg32.lib advapi32.lib shell32.lib ole32.lib oleaut32.lib uuid.lib odbc32.lib odbccp32.lib /MANIFEST /ManifestFile:"Debug\Project.exe.intermediate.manifest" /MANIFESTUAC:"level='asInvoker' uiAccess='false'" /DEBUG /PDB:"H:\3Dproject\TNM061-Project\Project\Debug\Project.pdb" /TLBID:1 /DYNAMICBASE /NXCOMPAT /IMPLIB:"H:\3Dproject\TNM061-Project\Project\Debug\Project.lib" /MACHINE:X86 Debug\Cube.obj
         Debug\Objectloader.obj
         Debug\shader.obj
         Debug\main.obj
         Debug\Renderclass.obj
         LINK : H:\3Dproject\TNM061-Project\Project\Debug\Project.exe not found or not built by the last incremental link; performing full link
     1>LINK : warning LNK4098: defaultlib 'MSVCRT' conflicts with use of other libs; use /NODEFAULTLIB:library
         Project.vcxproj -> H:\3Dproject\TNM061-Project\Project\Debug\Project.exe
       Manifest:
         C:\Program Files (x86)\Microsoft SDKs\Windows\v7.0A\bin\mt.exe /nologo /verbose /outputresource:"H:\3Dproject\TNM061-Project\Project\Debug\Project.exe;#1" /manifest Debug\Project.exe.intermediate.manifest
       FinalizeBuildStatus:
         Deleting file "Debug\Project.unsuccessfulbuild".
         Touching "Debug\Project.lastbuildstate".
     1>Done Building Project "H:\3Dproject\TNM061-Project\Project\Project\Project.vcxproj" (build target(s)).

Build succeeded.

Time Elapsed 00:00:03.20
